<?xml version="1.0" encoding="UTF-8"?>
<!-- Generated by org.testng.reporters.JUnitXMLReporter -->
<testsuite hostname="LAPTOP-9PPB6IMS" ignored="0" name="HotelSearch" tests="4" failures="0" timestamp="2021-06-22T16:28:44 IST" time="485.663" errors="0">
  <testcase name="hotelSearch" time="68.565" classname="testSuite.HotelSearchTest"/>
  <testcase name="hotelList" time="197.839" classname="testSuite.HotelListTest"/>
  <testcase name="hotelDetails" time="135.59" classname="testSuite.HotelDetailsTest"/>
  <testcase name="hotelReview" time="83.569" classname="testSuite.HotelReviewTest"/>
</testsuite> <!-- HotelSearch -->
